<ns0:test-suite xmlns:ns0="urn:model.allure.qatools.yandex.ru" start="1527402543570" stop="1527402543601">
  <name>test</name>
  <labels/>
  <test-cases>
    <test-case start="1527402543570" status="passed" stop="1527402543570">
      <name>Test_001.test_abc[1]</name>
      <attachments/>
      <labels>
        <label name="severity" value="normal"/>
        <label name="thread" value="3292-MainThread"/>
        <label name="host" value="DESKTOP-284414J"/>
        <label name="framework" value="pytest"/>
        <label name="language" value="cpython3"/>
      </labels>
      <steps/>
    </test-case>
    <test-case start="1527402543570" status="passed" stop="1527402543570">
      <name>Test_001.test_abc[2]</name>
      <attachments/>
      <labels>
        <label name="severity" value="normal"/>
        <label name="thread" value="3292-MainThread"/>
        <label name="host" value="DESKTOP-284414J"/>
        <label name="framework" value="pytest"/>
        <label name="language" value="cpython3"/>
      </labels>
      <steps/>
    </test-case>
    <test-case start="1527402543570" status="failed" stop="1527402543601">
      <name>Test_001.test_abc[3]</name>
      <failure>
        <message>AssertionError: assert 3 != 3</message>
        <stack-trace>self = &lt;test.Test_001 object at 0x04191A10&gt;, a = 3

    @pytest.mark.parametrize("a",[1,2,3,4])
    def test_abc(self,a):
&gt;       assert a != 3
E       assert 3 != 3

scripts\test.py:7: AssertionError</stack-trace>
      </failure>
      <attachments/>
      <labels>
        <label name="severity" value="normal"/>
        <label name="thread" value="3292-MainThread"/>
        <label name="host" value="DESKTOP-284414J"/>
        <label name="framework" value="pytest"/>
        <label name="language" value="cpython3"/>
      </labels>
      <steps/>
    </test-case>
    <test-case start="1527402543601" status="passed" stop="1527402543601">
      <name>Test_001.test_abc[4]</name>
      <attachments/>
      <labels>
        <label name="severity" value="normal"/>
        <label name="thread" value="3292-MainThread"/>
        <label name="host" value="DESKTOP-284414J"/>
        <label name="framework" value="pytest"/>
        <label name="language" value="cpython3"/>
      </labels>
      <steps/>
    </test-case>
  </test-cases>
</ns0:test-suite>
